Using pre-set license
Built from '2020.3/staging' branch; Version is '2020.3.6f1 (338bb68529b2) revision 3378102'; Using compiler version '192528614'; Build Type 'Release'
OS: 'Windows 10 Pro; OS build 19042.928; Version 2009; 64bit' Language: 'ko' Physical Memory: 16315 MB
BatchMode: 1, IsHumanControllingUs: 0, StartBugReporterOnCrash: 0, Is64bit: 1, IsPro: 0

 COMMAND LINE ARGUMENTS:
C:\Program Files\Unity\Hub\Editor\2020.3.6f1\Editor\Unity.exe
-adb2
-batchMode
-noUpm
-name
AssetImportWorker0
-projectPath
C:/Users/DMC CONET/Desktop/이나영/Unity_NewDeal/0504_totallyReview
-logFile
Logs/AssetImportWorker0.log
-srvPort
60831
Successfully changed project path to: C:/Users/DMC CONET/Desktop/이나영/Unity_NewDeal/0504_totallyReview
C:/Users/DMC CONET/Desktop/이나영/Unity_NewDeal/0504_totallyReview
Using Asset Import Pipeline V2.
Refreshing native plugins compatible for Editor in 35.83 ms, found 0 plugins.
Preloading 0 native plugins for Editor in 0.00 ms.
Initialize engine version: 2020.3.6f1 (338bb68529b2)
[Subsystems] Discovering subsystems at path C:/Program Files/Unity/Hub/Editor/2020.3.6f1/Editor/Data/Resources/UnitySubsystems
[Subsystems] Discovering subsystems at path C:/Users/DMC CONET/Desktop/이나영/Unity_NewDeal/0504_totallyReview/Assets
GfxDevice: creating device client; threaded=0
Direct3D:
    Version:  Direct3D 11.0 [level 11.1]
    Renderer: NVIDIA GeForce GTX 1660 SUPER (ID=0x21c4)
    Vendor:   
    VRAM:     5991 MB
    Driver:   27.21.14.5751
Initialize mono
Mono path[0] = 'C:/Program Files/Unity/Hub/Editor/2020.3.6f1/Editor/Data/Managed'
Mono path[1] = 'C:/Program Files/Unity/Hub/Editor/2020.3.6f1/Editor/Data/MonoBleedingEdge/lib/mono/unityjit'
Mono config path = 'C:/Program Files/Unity/Hub/Editor/2020.3.6f1/Editor/Data/MonoBleedingEdge/etc'
Using monoOptions --debugger-agent=transport=dt_socket,embedding=1,server=y,suspend=n,address=127.0.0.1:56556
Begin MonoManager ReloadAssembly
Registering precompiled unity dll's ...
Register platform support module: C:/Program Files/Unity/Hub/Editor/2020.3.6f1/Editor/Data/PlaybackEngines/WindowsStandaloneSupport/UnityEditor.WindowsStandalone.Extensions.dll
Registered in 0.002656 seconds.
Native extension for WindowsStandalone target not found
Refreshing native plugins compatible for Editor in 20.89 ms, found 0 plugins.
Preloading 0 native plugins for Editor in 0.00 ms.
Mono: successfully reloaded assembly
- Completed reload, in  2.011 seconds
Platform modules already initialized, skipping
Registering precompiled user dll's ...
Registered in 0.002802 seconds.
Begin MonoManager ReloadAssembly
Native extension for WindowsStandalone target not found
Refreshing native plugins compatible for Editor in 0.21 ms, found 0 plugins.
Preloading 0 native plugins for Editor in 0.00 ms.
Mono: successfully reloaded assembly
- Completed reload, in  0.768 seconds
Platform modules already initialized, skipping
========================================================================
Worker process is ready to serve import requests
Launched and connected shader compiler UnityShaderCompiler.exe after 0.04 seconds
Refreshing native plugins compatible for Editor in 0.20 ms, found 0 plugins.
Preloading 0 native plugins for Editor in 0.00 ms.
Unloading 1121 Unused Serialized files (Serialized files now loaded: 0)
System memory in use before: 57.4 MB.
System memory in use after: 57.4 MB.

Unloading 13 unused Assets to reduce memory usage. Loaded Objects now: 1561.
Total: 2.530900 ms (FindLiveObjects: 0.228200 ms CreateObjectMapping: 0.247500 ms MarkObjects: 1.965800 ms  DeleteObjects: 0.088100 ms)

========================================================================
Received Import Request.
  path: Assets/Scripts/Load.cs
  artifactKey: Guid(09d54a4b304530b4cb6362ad04d5884f) Importer(815301076,1909f56bfc062723c751e8b465ee728b)
Start importing Assets/Scripts/Load.cs using Guid(09d54a4b304530b4cb6362ad04d5884f) Importer(815301076,1909f56bfc062723c751e8b465ee728b)  -> (artifact id: 'ce0f4e37e68772fdadf10af05a9c5688') in 0.077325 seconds
  Import took 0.079819 seconds .

========================================================================
Received Prepare
Registering precompiled user dll's ...
Registered in 0.004642 seconds.
Begin MonoManager ReloadAssembly
Native extension for WindowsStandalone target not found
Refreshing native plugins compatible for Editor in 0.21 ms, found 0 plugins.
Preloading 0 native plugins for Editor in 0.00 ms.
Mono: successfully reloaded assembly
- Completed reload, in  0.863 seconds
Platform modules already initialized, skipping
Refreshing native plugins compatible for Editor in 0.32 ms, found 0 plugins.
Preloading 0 native plugins for Editor in 0.00 ms.
Unloading 1116 Unused Serialized files (Serialized files now loaded: 0)
System memory in use before: 57.3 MB.
System memory in use after: 57.4 MB.

Unloading 8 unused Assets to reduce memory usage. Loaded Objects now: 1564.
Total: 1.514400 ms (FindLiveObjects: 0.153700 ms CreateObjectMapping: 0.041500 ms MarkObjects: 1.265900 ms  DeleteObjects: 0.051900 ms)

========================================================================
Received Import Request.
  Time since last request: 68.436178 seconds.
  path: Assets/Scripts/LoadImage.cs
  artifactKey: Guid(12c9e1e3d48d01b498299a8c8e73bbfd) Importer(815301076,1909f56bfc062723c751e8b465ee728b)
Start importing Assets/Scripts/LoadImage.cs using Guid(12c9e1e3d48d01b498299a8c8e73bbfd) Importer(815301076,1909f56bfc062723c751e8b465ee728b)  -> (artifact id: '2cdb49bd528b341c2cd5584437751a60') in 0.004130 seconds
  Import took 0.006036 seconds .

========================================================================
Received Import Request.
  Time since last request: 197.620450 seconds.
  path: Assets/Scripts/LoadImage.cs
  artifactKey: Guid(12c9e1e3d48d01b498299a8c8e73bbfd) Importer(815301076,1909f56bfc062723c751e8b465ee728b)
Start importing Assets/Scripts/LoadImage.cs using Guid(12c9e1e3d48d01b498299a8c8e73bbfd) Importer(815301076,1909f56bfc062723c751e8b465ee728b)  -> (artifact id: 'f79f8fae16284a5695cee3386a6aeb90') in 0.003128 seconds
  Import took 0.005000 seconds .

========================================================================
Received Import Request.
  Time since last request: 7.875891 seconds.
  path: Assets/Scripts/SaveImage.cs
  artifactKey: Guid(637dc7d92de64e84b885358054c8acba) Importer(815301076,1909f56bfc062723c751e8b465ee728b)
Start importing Assets/Scripts/SaveImage.cs using Guid(637dc7d92de64e84b885358054c8acba) Importer(815301076,1909f56bfc062723c751e8b465ee728b)  -> (artifact id: '82e956deee00c7c74a98477aa0afab02') in 0.010420 seconds
  Import took 0.013137 seconds .

========================================================================
Received Import Request.
  Time since last request: 97.940520 seconds.
  path: Assets/Scripts/SaveImageFormat.cs
  artifactKey: Guid(0bf4e357c1f08314d9fe01c92d008261) Importer(815301076,1909f56bfc062723c751e8b465ee728b)
Start importing Assets/Scripts/SaveImageFormat.cs using Guid(0bf4e357c1f08314d9fe01c92d008261) Importer(815301076,1909f56bfc062723c751e8b465ee728b)  -> (artifact id: 'a5cda695ad89deead6abff82054192f4') in 0.006559 seconds
  Import took 0.008621 seconds .

========================================================================
Received Import Request.
  Time since last request: 381.208611 seconds.
  path: Assets/Scripts/SaveImageFormat.cs
  artifactKey: Guid(0bf4e357c1f08314d9fe01c92d008261) Importer(815301076,1909f56bfc062723c751e8b465ee728b)
Start importing Assets/Scripts/SaveImageFormat.cs using Guid(0bf4e357c1f08314d9fe01c92d008261) Importer(815301076,1909f56bfc062723c751e8b465ee728b)  -> (artifact id: '73e5b474a873da62dc3fb9b8a474ec8e') in 0.003693 seconds
  Import took 0.006128 seconds .

========================================================================
Received Import Request.
  Time since last request: 9.549625 seconds.
  path: Assets/Scripts/SaveFormat.cs
  artifactKey: Guid(d7df56c2c9f5eec4892841ccd170868f) Importer(815301076,1909f56bfc062723c751e8b465ee728b)
Start importing Assets/Scripts/SaveFormat.cs using Guid(d7df56c2c9f5eec4892841ccd170868f) Importer(815301076,1909f56bfc062723c751e8b465ee728b)  -> (artifact id: '27bbfaf9138d685e3f2e9073c080e5c0') in 0.007312 seconds
  Import took 0.009558 seconds .

========================================================================
Received Import Request.
  Time since last request: 417.411917 seconds.
  path: Assets/Scripts/SaveFormat.cs
  artifactKey: Guid(d7df56c2c9f5eec4892841ccd170868f) Importer(815301076,1909f56bfc062723c751e8b465ee728b)
Start importing Assets/Scripts/SaveFormat.cs using Guid(d7df56c2c9f5eec4892841ccd170868f) Importer(815301076,1909f56bfc062723c751e8b465ee728b)  -> (artifact id: '1c0941913830f93e22ebe0f5c3fd73d5') in 0.003239 seconds
  Import took 0.005095 seconds .

========================================================================
Received Import Request.
  Time since last request: 11.158603 seconds.
  path: Assets/Scripts/ImageInfo.cs
  artifactKey: Guid(f930a942c23b8864e845573bcbd7673a) Importer(815301076,1909f56bfc062723c751e8b465ee728b)
Start importing Assets/Scripts/ImageInfo.cs using Guid(f930a942c23b8864e845573bcbd7673a) Importer(815301076,1909f56bfc062723c751e8b465ee728b)  -> (artifact id: 'c057780cdb93907c31ba8251e024126f') in 0.007970 seconds
  Import took 0.010045 seconds .

========================================================================
Received Prepare
Registering precompiled user dll's ...
Registered in 0.003446 seconds.
Begin MonoManager ReloadAssembly
Native extension for WindowsStandalone target not found
Refreshing native plugins compatible for Editor in 0.24 ms, found 0 plugins.
Preloading 0 native plugins for Editor in 0.00 ms.
Mono: successfully reloaded assembly
- Completed reload, in  0.846 seconds
Platform modules already initialized, skipping
Refreshing native plugins compatible for Editor in 0.20 ms, found 0 plugins.
Preloading 0 native plugins for Editor in 0.00 ms.
Unloading 1120 Unused Serialized files (Serialized files now loaded: 0)
System memory in use before: 57.4 MB.
System memory in use after: 57.5 MB.

Unloading 8 unused Assets to reduce memory usage. Loaded Objects now: 1571.
Total: 1.547600 ms (FindLiveObjects: 0.124700 ms CreateObjectMapping: 0.032400 ms MarkObjects: 1.343900 ms  DeleteObjects: 0.045600 ms)

========================================================================
Received Import Request.
  Time since last request: 308.308339 seconds.
  path: Assets/Scripts/ImageInfo.cs
  artifactKey: Guid(f930a942c23b8864e845573bcbd7673a) Importer(815301076,1909f56bfc062723c751e8b465ee728b)
Start importing Assets/Scripts/ImageInfo.cs using Guid(f930a942c23b8864e845573bcbd7673a) Importer(815301076,1909f56bfc062723c751e8b465ee728b)  -> (artifact id: 'a5b38ac53786141bd63c8ace0d24cf40') in 0.004230 seconds
  Import took 0.005839 seconds .

========================================================================
Received Prepare
Registering precompiled user dll's ...
Registered in 0.001995 seconds.
Begin MonoManager ReloadAssembly
Native extension for WindowsStandalone target not found
Refreshing native plugins compatible for Editor in 0.21 ms, found 0 plugins.
Preloading 0 native plugins for Editor in 0.00 ms.
Mono: successfully reloaded assembly
- Completed reload, in  0.802 seconds
Platform modules already initialized, skipping
Refreshing native plugins compatible for Editor in 0.21 ms, found 0 plugins.
Preloading 0 native plugins for Editor in 0.00 ms.
Unloading 1120 Unused Serialized files (Serialized files now loaded: 0)
System memory in use before: 57.4 MB.
System memory in use after: 57.5 MB.

Unloading 8 unused Assets to reduce memory usage. Loaded Objects now: 1574.
Total: 1.997400 ms (FindLiveObjects: 0.201900 ms CreateObjectMapping: 0.052200 ms MarkObjects: 1.679100 ms  DeleteObjects: 0.062700 ms)

========================================================================
Received Import Request.
  Time since last request: 1280.890852 seconds.
  path: Assets/Images/Image.prefab
  artifactKey: Guid(3bdcc77ff36c04a4f8bfc8a729286edf) Importer(815301076,1909f56bfc062723c751e8b465ee728b)
Start importing Assets/Images/Image.prefab using Guid(3bdcc77ff36c04a4f8bfc8a729286edf) Importer(815301076,1909f56bfc062723c751e8b465ee728b)  -> (artifact id: '8082ce575a41751146a5beca01365438') in 0.079809 seconds
  Import took 0.083340 seconds .

========================================================================
Received Prepare
Registering precompiled user dll's ...
Registered in 0.002171 seconds.
Begin MonoManager ReloadAssembly
Native extension for WindowsStandalone target not found
Refreshing native plugins compatible for Editor in 0.21 ms, found 0 plugins.
Preloading 0 native plugins for Editor in 0.00 ms.
Mono: successfully reloaded assembly
- Completed reload, in  0.833 seconds
Platform modules already initialized, skipping
Refreshing native plugins compatible for Editor in 0.20 ms, found 0 plugins.
Preloading 0 native plugins for Editor in 0.00 ms.
Unloading 1120 Unused Serialized files (Serialized files now loaded: 0)
System memory in use before: 57.4 MB.
System memory in use after: 57.5 MB.

Unloading 8 unused Assets to reduce memory usage. Loaded Objects now: 1577.
Total: 1.517700 ms (FindLiveObjects: 0.174100 ms CreateObjectMapping: 0.036000 ms MarkObjects: 1.262200 ms  DeleteObjects: 0.044400 ms)

========================================================================
Received Import Request.
  Time since last request: 224.492537 seconds.
  path: Assets/Images/Image.prefab
  artifactKey: Guid(3bdcc77ff36c04a4f8bfc8a729286edf) Importer(815301076,1909f56bfc062723c751e8b465ee728b)
Start importing Assets/Images/Image.prefab using Guid(3bdcc77ff36c04a4f8bfc8a729286edf) Importer(815301076,1909f56bfc062723c751e8b465ee728b)  -> (artifact id: 'a28b3ebbeef0d3150028fe69135995d5') in 0.025603 seconds
  Import took 0.027453 seconds .

========================================================================
Received Prepare
Registering precompiled user dll's ...
Registered in 0.017874 seconds.
Begin MonoManager ReloadAssembly
Native extension for WindowsStandalone target not found
Refreshing native plugins compatible for Editor in 0.21 ms, found 0 plugins.
Preloading 0 native plugins for Editor in 0.00 ms.
Mono: successfully reloaded assembly
- Completed reload, in  0.694 seconds
Platform modules already initialized, skipping
Refreshing native plugins compatible for Editor in 0.20 ms, found 0 plugins.
Preloading 0 native plugins for Editor in 0.00 ms.
Unloading 1120 Unused Serialized files (Serialized files now loaded: 0)
System memory in use before: 57.5 MB.
System memory in use after: 57.5 MB.

Unloading 8 unused Assets to reduce memory usage. Loaded Objects now: 1580.
Total: 1.530300 ms (FindLiveObjects: 0.198300 ms CreateObjectMapping: 0.037700 ms MarkObjects: 1.250400 ms  DeleteObjects: 0.042800 ms)

========================================================================
Received Import Request.
  Time since last request: 220.702244 seconds.
  path: Assets/Images/Image.prefab
  artifactKey: Guid(3bdcc77ff36c04a4f8bfc8a729286edf) Importer(815301076,1909f56bfc062723c751e8b465ee728b)
Start importing Assets/Images/Image.prefab using Guid(3bdcc77ff36c04a4f8bfc8a729286edf) Importer(815301076,1909f56bfc062723c751e8b465ee728b)  -> (artifact id: '98cb24a6b4cf7f187565b3e41d7559fa') in 0.088312 seconds
  Import took 0.092703 seconds .

========================================================================
Received Prepare
Registering precompiled user dll's ...
Registered in 0.002568 seconds.
Begin MonoManager ReloadAssembly
Native extension for WindowsStandalone target not found
Refreshing native plugins compatible for Editor in 0.27 ms, found 0 plugins.
Preloading 0 native plugins for Editor in 0.00 ms.
Mono: successfully reloaded assembly
- Completed reload, in  0.846 seconds
Platform modules already initialized, skipping
Refreshing native plugins compatible for Editor in 0.21 ms, found 0 plugins.
Preloading 0 native plugins for Editor in 0.00 ms.
Unloading 1120 Unused Serialized files (Serialized files now loaded: 0)
System memory in use before: 57.5 MB.
System memory in use after: 57.5 MB.

Unloading 8 unused Assets to reduce memory usage. Loaded Objects now: 1583.
Total: 1.406700 ms (FindLiveObjects: 0.141000 ms CreateObjectMapping: 0.030400 ms MarkObjects: 1.196200 ms  DeleteObjects: 0.038200 ms)

========================================================================
Received Import Request.
  Time since last request: 278.868598 seconds.
  path: Assets/Scripts/ImageInfo.cs
  artifactKey: Guid(f930a942c23b8864e845573bcbd7673a) Importer(815301076,1909f56bfc062723c751e8b465ee728b)
Start importing Assets/Scripts/ImageInfo.cs using Guid(f930a942c23b8864e845573bcbd7673a) Importer(815301076,1909f56bfc062723c751e8b465ee728b)  -> (artifact id: '4179c532d6db8728e7c53fac7f3de078') in 0.003809 seconds
  Import took 0.005992 seconds .

========================================================================
Received Import Request.
  Time since last request: 0.001807 seconds.
  path: Assets/Scripts/ImageInfo.cs
  artifactKey: Guid(f930a942c23b8864e845573bcbd7673a) Importer(815301076,1909f56bfc062723c751e8b465ee728b)
Start importing Assets/Scripts/ImageInfo.cs using Guid(f930a942c23b8864e845573bcbd7673a) Importer(815301076,1909f56bfc062723c751e8b465ee728b)  -> (artifact id: '4179c532d6db8728e7c53fac7f3de078') in 0.002431 seconds
  Import took 0.004212 seconds .

========================================================================
Received Prepare
Registering precompiled user dll's ...
Registered in 0.001888 seconds.
Begin MonoManager ReloadAssembly
Native extension for WindowsStandalone target not found
Refreshing native plugins compatible for Editor in 0.21 ms, found 0 plugins.
Preloading 0 native plugins for Editor in 0.00 ms.
Mono: successfully reloaded assembly
- Completed reload, in  0.728 seconds
Platform modules already initialized, skipping
Refreshing native plugins compatible for Editor in 0.24 ms, found 0 plugins.
Preloading 0 native plugins for Editor in 0.00 ms.
Unloading 1113 Unused Serialized files (Serialized files now loaded: 0)
System memory in use before: 57.3 MB.
System memory in use after: 57.4 MB.

Unloading 15 unused Assets to reduce memory usage. Loaded Objects now: 1579.
Total: 1.620700 ms (FindLiveObjects: 0.250700 ms CreateObjectMapping: 0.092600 ms MarkObjects: 1.227000 ms  DeleteObjects: 0.048800 ms)

========================================================================
Received Import Request.
  Time since last request: 52.332375 seconds.
  path: Assets/0503_totallyReview.unity
  artifactKey: Guid(5a180d9905a30294199f38550a35646c) Importer(815301076,1909f56bfc062723c751e8b465ee728b)
Start importing Assets/0503_totallyReview.unity using Guid(5a180d9905a30294199f38550a35646c) Importer(815301076,1909f56bfc062723c751e8b465ee728b)  -> (artifact id: '44ba909a27e74bc1392d1713291085fc') in 0.012890 seconds
  Import took 0.014757 seconds .

========================================================================
Received Import Request.
  Time since last request: 9.360091 seconds.
  path: Assets/0503_totallyReview.unity
  artifactKey: Guid(5a180d9905a30294199f38550a35646c) Importer(815301076,1909f56bfc062723c751e8b465ee728b)
Start importing Assets/0503_totallyReview.unity using Guid(5a180d9905a30294199f38550a35646c) Importer(815301076,1909f56bfc062723c751e8b465ee728b)  -> (artifact id: 'd55b90fff76f493d107045730c74dcfc') in 0.003216 seconds
  Import took 0.005319 seconds .

AssetImportWorkerClient::OnTransportError - code=2 error=End of file
