Using pre-set license
Built from '2020.3/staging' branch; Version is '2020.3.6f1 (338bb68529b2) revision 3378102'; Using compiler version '192528614'; Build Type 'Release'
OS: 'Windows 10 Pro; OS build 19042.928; Version 2009; 64bit' Language: 'ko' Physical Memory: 16315 MB
BatchMode: 1, IsHumanControllingUs: 0, StartBugReporterOnCrash: 0, Is64bit: 1, IsPro: 0

 COMMAND LINE ARGUMENTS:
C:\Program Files\Unity\Hub\Editor\2020.3.6f1\Editor\Unity.exe
-adb2
-batchMode
-noUpm
-name
AssetImportWorker0
-projectPath
C:/Users/DMC CONET/Desktop/이나영/Unity_NewDeal/ShootingGame_0503
-logFile
Logs/AssetImportWorker0.log
-srvPort
63370
Successfully changed project path to: C:/Users/DMC CONET/Desktop/이나영/Unity_NewDeal/ShootingGame_0503
C:/Users/DMC CONET/Desktop/이나영/Unity_NewDeal/ShootingGame_0503
Using Asset Import Pipeline V2.
Refreshing native plugins compatible for Editor in 42.16 ms, found 2 plugins.
Preloading 0 native plugins for Editor in 0.00 ms.
Initialize engine version: 2020.3.6f1 (338bb68529b2)
[Subsystems] Discovering subsystems at path C:/Program Files/Unity/Hub/Editor/2020.3.6f1/Editor/Data/Resources/UnitySubsystems
[Subsystems] Discovering subsystems at path C:/Users/DMC CONET/Desktop/이나영/Unity_NewDeal/ShootingGame_0503/Assets
GfxDevice: creating device client; threaded=0
Direct3D:
    Version:  Direct3D 11.0 [level 11.1]
    Renderer: NVIDIA GeForce GTX 1660 SUPER (ID=0x21c4)
    Vendor:   
    VRAM:     5991 MB
    Driver:   27.21.14.5751
Initialize mono
Mono path[0] = 'C:/Program Files/Unity/Hub/Editor/2020.3.6f1/Editor/Data/Managed'
Mono path[1] = 'C:/Program Files/Unity/Hub/Editor/2020.3.6f1/Editor/Data/MonoBleedingEdge/lib/mono/unityjit'
Mono config path = 'C:/Program Files/Unity/Hub/Editor/2020.3.6f1/Editor/Data/MonoBleedingEdge/etc'
Using monoOptions --debugger-agent=transport=dt_socket,embedding=1,server=y,suspend=n,address=127.0.0.1:56224
Begin MonoManager ReloadAssembly
Registering precompiled unity dll's ...
Register platform support module: C:/Program Files/Unity/Hub/Editor/2020.3.6f1/Editor/Data/PlaybackEngines/WindowsStandaloneSupport/UnityEditor.WindowsStandalone.Extensions.dll
Registered in 0.002538 seconds.
Native extension for WindowsStandalone target not found
Refreshing native plugins compatible for Editor in 27.15 ms, found 2 plugins.
Preloading 0 native plugins for Editor in 0.00 ms.
Mono: successfully reloaded assembly
- Completed reload, in  1.621 seconds
Platform modules already initialized, skipping
Registering precompiled user dll's ...
Registered in 0.003166 seconds.
Begin MonoManager ReloadAssembly
Native extension for WindowsStandalone target not found
Refreshing native plugins compatible for Editor in 0.56 ms, found 2 plugins.
Preloading 0 native plugins for Editor in 0.00 ms.
RefreshInfo: StopAssetImportingV2(NoUpdateAssetOptions) scanfilter: 
RefreshProfiler: Total: 0.000ms
Mono: successfully reloaded assembly
- Completed reload, in  0.820 seconds
Platform modules already initialized, skipping
========================================================================
Worker process is ready to serve import requests
Launched and connected shader compiler UnityShaderCompiler.exe after 0.04 seconds
Refreshing native plugins compatible for Editor in 0.71 ms, found 2 plugins.
Preloading 0 native plugins for Editor in 0.00 ms.
Unloading 2 Unused Serialized files (Serialized files now loaded: 0)
System memory in use before: 108.2 MB.
System memory in use after: 108.3 MB.

Unloading 67 unused Assets to reduce memory usage. Loaded Objects now: 1637.
Total: 1.683000 ms (FindLiveObjects: 0.241200 ms CreateObjectMapping: 0.067000 ms MarkObjects: 1.288900 ms  DeleteObjects: 0.084600 ms)

========================================================================
Received Import Request.
  path: Assets/Scripts/ShootingGame/ScoreManager.cs
  artifactKey: Guid(195aacbc21378164dbab255743ecc1c7) Importer(815301076,1909f56bfc062723c751e8b465ee728b)
Start importing Assets/Scripts/ShootingGame/ScoreManager.cs using Guid(195aacbc21378164dbab255743ecc1c7) Importer(815301076,1909f56bfc062723c751e8b465ee728b)  -> (artifact id: '36be144c0654da3182b8ec73d7c5cc10') in 0.028700 seconds
  Import took 0.031604 seconds .

========================================================================
Received Import Request.
  Time since last request: 591.243267 seconds.
  path: Assets/Scripts/ShootingGame/ScoreManager.cs
  artifactKey: Guid(195aacbc21378164dbab255743ecc1c7) Importer(815301076,1909f56bfc062723c751e8b465ee728b)
Start importing Assets/Scripts/ShootingGame/ScoreManager.cs using Guid(195aacbc21378164dbab255743ecc1c7) Importer(815301076,1909f56bfc062723c751e8b465ee728b)  -> (artifact id: 'b1ffb0c47cc8cc8bdff170c44b993c69') in 0.002166 seconds
  Import took 0.004396 seconds .

========================================================================
Received Import Request.
  Time since last request: 46.222625 seconds.
  path: Assets/Scripts/ShootingGame/EnemyMove.cs
  artifactKey: Guid(f45ca095e97d9684dad2b7069e8b2b9b) Importer(815301076,1909f56bfc062723c751e8b465ee728b)
Start importing Assets/Scripts/ShootingGame/EnemyMove.cs using Guid(f45ca095e97d9684dad2b7069e8b2b9b) Importer(815301076,1909f56bfc062723c751e8b465ee728b)  -> (artifact id: '5257603180f2c539583834f97339e40a') in 0.007655 seconds
  Import took 0.009761 seconds .

========================================================================
Received Import Request.
  Time since last request: 0.001866 seconds.
  path: Assets/Scripts/ShootingGame/EnemyMove.cs
  artifactKey: Guid(f45ca095e97d9684dad2b7069e8b2b9b) Importer(815301076,1909f56bfc062723c751e8b465ee728b)
Start importing Assets/Scripts/ShootingGame/EnemyMove.cs using Guid(f45ca095e97d9684dad2b7069e8b2b9b) Importer(815301076,1909f56bfc062723c751e8b465ee728b)  -> (artifact id: '5257603180f2c539583834f97339e40a') in 0.003302 seconds
  Import took 0.005443 seconds .

========================================================================
Received Import Request.
  Time since last request: 0.532862 seconds.
  path: Assets/Scripts/ShootingGame/EnemyManager.cs
  artifactKey: Guid(f5e2e74f90f048644a4d35cbbda36093) Importer(815301076,1909f56bfc062723c751e8b465ee728b)
Start importing Assets/Scripts/ShootingGame/EnemyManager.cs using Guid(f5e2e74f90f048644a4d35cbbda36093) Importer(815301076,1909f56bfc062723c751e8b465ee728b)  -> (artifact id: 'b442b117776c248fea059c0358a3fbcb') in 0.005800 seconds
  Import took 0.007843 seconds .

========================================================================
Received Import Request.
  Time since last request: 0.001620 seconds.
  path: Assets/Scripts/ShootingGame/EnemyManager.cs
  artifactKey: Guid(f5e2e74f90f048644a4d35cbbda36093) Importer(815301076,1909f56bfc062723c751e8b465ee728b)
Start importing Assets/Scripts/ShootingGame/EnemyManager.cs using Guid(f5e2e74f90f048644a4d35cbbda36093) Importer(815301076,1909f56bfc062723c751e8b465ee728b)  -> (artifact id: 'b442b117776c248fea059c0358a3fbcb') in 0.002234 seconds
  Import took 0.004167 seconds .

========================================================================
Received Import Request.
  Time since last request: 13.533272 seconds.
  path: Assets/CameraShakeFX/Demo/Particles/BigExplosion.prefab
  artifactKey: Guid(e1b08032bec16ba4eb1ae23cbd572664) Importer(815301076,1909f56bfc062723c751e8b465ee728b)
Start importing Assets/CameraShakeFX/Demo/Particles/BigExplosion.prefab using Guid(e1b08032bec16ba4eb1ae23cbd572664) Importer(815301076,1909f56bfc062723c751e8b465ee728b)  -> (artifact id: '79c70a35de279bfc67319d363ccd1577') in 0.036340 seconds
  Import took 0.038627 seconds .

========================================================================
Received Import Request.
  Time since last request: 0.000215 seconds.
  path: Assets/FireExplosionVFX/Prefabs/Fx_OilSplashLOW_Root.prefab
  artifactKey: Guid(5ff7098700dbdbf4a93dc6ab0d9d92a0) Importer(815301076,1909f56bfc062723c751e8b465ee728b)
Start importing Assets/FireExplosionVFX/Prefabs/Fx_OilSplashLOW_Root.prefab using Guid(5ff7098700dbdbf4a93dc6ab0d9d92a0) Importer(815301076,1909f56bfc062723c751e8b465ee728b)  -> (artifact id: 'f124aadc5f5d3fa5dacc1250fcd4adb9') in 0.010252 seconds
  Import took 0.012574 seconds .

========================================================================
Received Import Request.
  Time since last request: 0.000196 seconds.
  path: Assets/Missile/missile_green.prefab
  artifactKey: Guid(8360bcdf5f97bdc44ae3e39b8aca3404) Importer(815301076,1909f56bfc062723c751e8b465ee728b)
Start importing Assets/Missile/missile_green.prefab using Guid(8360bcdf5f97bdc44ae3e39b8aca3404) Importer(815301076,1909f56bfc062723c751e8b465ee728b)  -> (artifact id: '28291a7c14ec7b55fe4a5bcf6ee4face') in 0.343465 seconds
  Import took 0.345495 seconds .

========================================================================
Received Import Request.
  Time since last request: 0.000207 seconds.
  path: Assets/FireExplosionVFX/Prefabs/OilBottle_Low.prefab
  artifactKey: Guid(05b4c7cb9f43acc4a9950d8d152ae51c) Importer(815301076,1909f56bfc062723c751e8b465ee728b)
Start importing Assets/FireExplosionVFX/Prefabs/OilBottle_Low.prefab using Guid(05b4c7cb9f43acc4a9950d8d152ae51c) Importer(815301076,1909f56bfc062723c751e8b465ee728b)  -> (artifact id: '5c8e49081186a4ea93848f9bec448135') in 0.146521 seconds
  Import took 0.148896 seconds .

========================================================================
Received Import Request.
  Time since last request: 0.000264 seconds.
  path: Assets/FireExplosionVFX/Prefabs/OilBottle_High.prefab
  artifactKey: Guid(42d3d29b1bce3214cacf1c6caaf5734d) Importer(815301076,1909f56bfc062723c751e8b465ee728b)
Start importing Assets/FireExplosionVFX/Prefabs/OilBottle_High.prefab using Guid(42d3d29b1bce3214cacf1c6caaf5734d) Importer(815301076,1909f56bfc062723c751e8b465ee728b)  -> (artifact id: '10e5aaff0e25232ade7e896d5bd4f406') in 0.019154 seconds
  Import took 0.022273 seconds .

========================================================================
Received Import Request.
  Time since last request: 0.002122 seconds.
  path: Assets/FireExplosionVFX/Prefabs/OilBottle_High.prefab
  artifactKey: Guid(42d3d29b1bce3214cacf1c6caaf5734d) Importer(815301076,1909f56bfc062723c751e8b465ee728b)
Start importing Assets/FireExplosionVFX/Prefabs/OilBottle_High.prefab using Guid(42d3d29b1bce3214cacf1c6caaf5734d) Importer(815301076,1909f56bfc062723c751e8b465ee728b)  -> (artifact id: '10e5aaff0e25232ade7e896d5bd4f406') in 0.018035 seconds
  Import took 0.020674 seconds .

========================================================================
Received Import Request.
  Time since last request: 280.735035 seconds.
  path: Assets/Images/space.jpg
  artifactKey: Guid(ad31d79d41c15714aa44fb4d015e194e) Importer(815301076,1909f56bfc062723c751e8b465ee728b)
Start importing Assets/Images/space.jpg using Guid(ad31d79d41c15714aa44fb4d015e194e) Importer(815301076,1909f56bfc062723c751e8b465ee728b)  -> (artifact id: 'd2bfc88778fd37bb7c9e6c693533e3a9') in 0.028237 seconds
  Import took 0.030333 seconds .

========================================================================
Received Import Request.
  Time since last request: 0.020487 seconds.
  path: Assets/Images/space.jpg
  artifactKey: Guid(ad31d79d41c15714aa44fb4d015e194e) Importer(815301076,1909f56bfc062723c751e8b465ee728b)
Start importing Assets/Images/space.jpg using Guid(ad31d79d41c15714aa44fb4d015e194e) Importer(815301076,1909f56bfc062723c751e8b465ee728b)  -> (artifact id: 'd2bfc88778fd37bb7c9e6c693533e3a9') in 0.023546 seconds
  Import took 0.028338 seconds .

========================================================================
Received Import Request.
  Time since last request: 128.529105 seconds.
  path: Assets/Images/Materials/space2.jpg
  artifactKey: Guid(a45bdae086b755c4585cb6d15c3fb6ba) Importer(815301076,1909f56bfc062723c751e8b465ee728b)
Start importing Assets/Images/Materials/space2.jpg using Guid(a45bdae086b755c4585cb6d15c3fb6ba) Importer(815301076,1909f56bfc062723c751e8b465ee728b)  -> (artifact id: '773b31df9c8cbb7787628b307f5a22ff') in 0.012294 seconds
  Import took 0.014607 seconds .

========================================================================
Received Import Request.
  Time since last request: 163.732402 seconds.
  path: Assets/Scripts/ShootingGame/UIManager.cs
  artifactKey: Guid(afa413f7019961a4c91093382b45506d) Importer(815301076,1909f56bfc062723c751e8b465ee728b)
Start importing Assets/Scripts/ShootingGame/UIManager.cs using Guid(afa413f7019961a4c91093382b45506d) Importer(815301076,1909f56bfc062723c751e8b465ee728b)  -> (artifact id: '6cebb2687f7bf053113126f1517310e7') in 0.005947 seconds
  Import took 0.008097 seconds .

========================================================================
Received Import Request.
  Time since last request: 1839.793727 seconds.
  path: Assets/Joystick Pack/Examples/Example Scene.unity
  artifactKey: Guid(414bddd31c5ea4f4c9f5d1452e5bbb41) Importer(815301076,1909f56bfc062723c751e8b465ee728b)
Start importing Assets/Joystick Pack/Examples/Example Scene.unity using Guid(414bddd31c5ea4f4c9f5d1452e5bbb41) Importer(815301076,1909f56bfc062723c751e8b465ee728b)  -> (artifact id: '782d67bbbf32052ea228d93fb2986f7e') in 0.009499 seconds
  Import took 0.012282 seconds .

========================================================================
Received Import Request.
  Time since last request: 483.712241 seconds.
  path: Assets/Joystick Pack/Scripts/Joysticks
  artifactKey: Guid(30f674d88470a814e8648e216b61b9ef) Importer(815301076,1909f56bfc062723c751e8b465ee728b)
Start importing Assets/Joystick Pack/Scripts/Joysticks using Guid(30f674d88470a814e8648e216b61b9ef) Importer(815301076,1909f56bfc062723c751e8b465ee728b)  -> (artifact id: 'f3a73f981b4fe774db7281fd521e3fe7') in 0.008805 seconds
  Import took 0.010872 seconds .

========================================================================
Received Import Request.
  Time since last request: 13.830357 seconds.
  path: Assets/Joystick Pack/Scripts/Base/Joystick.cs
  artifactKey: Guid(b9fca4100a7477741b3973b4ff2c405f) Importer(815301076,1909f56bfc062723c751e8b465ee728b)
Start importing Assets/Joystick Pack/Scripts/Base/Joystick.cs using Guid(b9fca4100a7477741b3973b4ff2c405f) Importer(815301076,1909f56bfc062723c751e8b465ee728b)  -> (artifact id: '23038dc6602e02f586ef2a52a5574c84') in 0.006732 seconds
  Import took 0.009057 seconds .

========================================================================
Received Import Request.
  Time since last request: 0.001207 seconds.
  path: Assets/Joystick Pack/Scripts/Base/Joystick.cs
  artifactKey: Guid(b9fca4100a7477741b3973b4ff2c405f) Importer(815301076,1909f56bfc062723c751e8b465ee728b)
Start importing Assets/Joystick Pack/Scripts/Base/Joystick.cs using Guid(b9fca4100a7477741b3973b4ff2c405f) Importer(815301076,1909f56bfc062723c751e8b465ee728b)  -> (artifact id: '23038dc6602e02f586ef2a52a5574c84') in 0.002345 seconds
  Import took 0.004560 seconds .

========================================================================
Received Import Request.
  Time since last request: 121.633302 seconds.
  path: Assets/Scripts/ShootingGame/JoyStickPlayerExample.cs
  artifactKey: Guid(3c536ba5511c43b41be64235db7530cb) Importer(815301076,1909f56bfc062723c751e8b465ee728b)
Start importing Assets/Scripts/ShootingGame/JoyStickPlayerExample.cs using Guid(3c536ba5511c43b41be64235db7530cb) Importer(815301076,1909f56bfc062723c751e8b465ee728b)  -> (artifact id: '0e7056ca4a5a1fda0292613b090ffbc4') in 0.006481 seconds
  Import took 0.008504 seconds .

========================================================================
Received Import Request.
  Time since last request: 59.775107 seconds.
  path: Assets/Scripts/ShootingGame/PlayerMove.cs
  artifactKey: Guid(d34aae36400a7584189dfba01c5fac33) Importer(815301076,1909f56bfc062723c751e8b465ee728b)
Start importing Assets/Scripts/ShootingGame/PlayerMove.cs using Guid(d34aae36400a7584189dfba01c5fac33) Importer(815301076,1909f56bfc062723c751e8b465ee728b)  -> (artifact id: '8848516b6a12db4f3055e37033a16e7c') in 0.007444 seconds
  Import took 0.009767 seconds .

========================================================================
Received Import Request.
  Time since last request: 9.797333 seconds.
  path: Assets/Scripts/ShootingGame/ScoreManager.cs
  artifactKey: Guid(195aacbc21378164dbab255743ecc1c7) Importer(815301076,1909f56bfc062723c751e8b465ee728b)
Start importing Assets/Scripts/ShootingGame/ScoreManager.cs using Guid(195aacbc21378164dbab255743ecc1c7) Importer(815301076,1909f56bfc062723c751e8b465ee728b)  -> (artifact id: '70e5dca3e486b69386e110c5e6d39145') in 0.005368 seconds
  Import took 0.007503 seconds .

========================================================================
Received Import Request.
  Time since last request: 0.002306 seconds.
  path: Assets/Scripts/ShootingGame/ScoreManager.cs
  artifactKey: Guid(195aacbc21378164dbab255743ecc1c7) Importer(815301076,1909f56bfc062723c751e8b465ee728b)
Start importing Assets/Scripts/ShootingGame/ScoreManager.cs using Guid(195aacbc21378164dbab255743ecc1c7) Importer(815301076,1909f56bfc062723c751e8b465ee728b)  -> (artifact id: '70e5dca3e486b69386e110c5e6d39145') in 0.002157 seconds
  Import took 0.004248 seconds .

========================================================================
Received Import Request.
  Time since last request: 167.130040 seconds.
  path: Assets/Scripts/ShootingGame/ScoreManager.cs
  artifactKey: Guid(195aacbc21378164dbab255743ecc1c7) Importer(815301076,1909f56bfc062723c751e8b465ee728b)
Start importing Assets/Scripts/ShootingGame/ScoreManager.cs using Guid(195aacbc21378164dbab255743ecc1c7) Importer(815301076,1909f56bfc062723c751e8b465ee728b)  -> (artifact id: '93a5ea0923728a57d44725eddf8adf6a') in 0.005518 seconds
  Import took 0.007800 seconds .

========================================================================
Received Import Request.
  Time since last request: 14.093841 seconds.
  path: Assets/Scripts/ShootingGame/JoyStickPlayerExample.cs
  artifactKey: Guid(3c536ba5511c43b41be64235db7530cb) Importer(815301076,1909f56bfc062723c751e8b465ee728b)
Start importing Assets/Scripts/ShootingGame/JoyStickPlayerExample.cs using Guid(3c536ba5511c43b41be64235db7530cb) Importer(815301076,1909f56bfc062723c751e8b465ee728b)  -> (artifact id: '8b90cd0827efe3d231fb802fc673c70d') in 0.006056 seconds
  Import took 0.008025 seconds .

========================================================================
Received Import Request.
  Time since last request: 0.003721 seconds.
  path: Assets/Scripts/ShootingGame/JoyStickPlayerExample.cs
  artifactKey: Guid(3c536ba5511c43b41be64235db7530cb) Importer(815301076,1909f56bfc062723c751e8b465ee728b)
Start importing Assets/Scripts/ShootingGame/JoyStickPlayerExample.cs using Guid(3c536ba5511c43b41be64235db7530cb) Importer(815301076,1909f56bfc062723c751e8b465ee728b)  -> (artifact id: '8b90cd0827efe3d231fb802fc673c70d') in 0.002399 seconds
  Import took 0.004779 seconds .

========================================================================
Received Prepare
Registering precompiled user dll's ...
Registered in 0.004165 seconds.
Begin MonoManager ReloadAssembly
Native extension for WindowsStandalone target not found
Refreshing native plugins compatible for Editor in 0.58 ms, found 2 plugins.
Preloading 0 native plugins for Editor in 0.00 ms.
RefreshInfo: StopAssetImportingV2(NoUpdateAssetOptions) scanfilter: 
RefreshProfiler: Total: 0.000ms
Mono: successfully reloaded assembly
- Completed reload, in  0.751 seconds
Platform modules already initialized, skipping
Refreshing native plugins compatible for Editor in 0.73 ms, found 2 plugins.
Preloading 0 native plugins for Editor in 0.00 ms.
Unloading 459 Unused Serialized files (Serialized files now loaded: 0)
System memory in use before: 121.0 MB.
System memory in use after: 121.0 MB.

Unloading 62 unused Assets to reduce memory usage. Loaded Objects now: 1665.
Total: 1.606000 ms (FindLiveObjects: 0.131100 ms CreateObjectMapping: 0.037500 ms MarkObjects: 1.382500 ms  DeleteObjects: 0.054300 ms)

========================================================================
Received Prepare
Registering precompiled user dll's ...
Registered in 0.003789 seconds.
Begin MonoManager ReloadAssembly
Native extension for WindowsStandalone target not found
Refreshing native plugins compatible for Editor in 0.58 ms, found 2 plugins.
Preloading 0 native plugins for Editor in 0.00 ms.
RefreshInfo: StopAssetImportingV2(NoUpdateAssetOptions) scanfilter: 
RefreshProfiler: Total: 0.000ms
Mono: successfully reloaded assembly
- Completed reload, in  0.783 seconds
Platform modules already initialized, skipping
Refreshing native plugins compatible for Editor in 0.59 ms, found 2 plugins.
Preloading 0 native plugins for Editor in 0.00 ms.
Unloading 455 Unused Serialized files (Serialized files now loaded: 0)
System memory in use before: 120.9 MB.
System memory in use after: 121.0 MB.

Unloading 62 unused Assets to reduce memory usage. Loaded Objects now: 1668.
Total: 1.553800 ms (FindLiveObjects: 0.136300 ms CreateObjectMapping: 0.041000 ms MarkObjects: 1.325000 ms  DeleteObjects: 0.050700 ms)

========================================================================
Received Import Request.
  Time since last request: 172.612191 seconds.
  path: Assets/Scripts/ShootingGame/PlayerMove.cs
  artifactKey: Guid(d34aae36400a7584189dfba01c5fac33) Importer(815301076,1909f56bfc062723c751e8b465ee728b)
Start importing Assets/Scripts/ShootingGame/PlayerMove.cs using Guid(d34aae36400a7584189dfba01c5fac33) Importer(815301076,1909f56bfc062723c751e8b465ee728b)  -> (artifact id: 'cc52b1e3b8099978a3b90da11e585b49') in 0.006169 seconds
  Import took 0.008044 seconds .

========================================================================
Received Import Request.
  Time since last request: 243.878134 seconds.
  path: Assets/Scripts/ShootingGame/PlayerFIre.cs
  artifactKey: Guid(89591e210a01e8946a97cc11a77edbb9) Importer(815301076,1909f56bfc062723c751e8b465ee728b)
Start importing Assets/Scripts/ShootingGame/PlayerFIre.cs using Guid(89591e210a01e8946a97cc11a77edbb9) Importer(815301076,1909f56bfc062723c751e8b465ee728b)  -> (artifact id: '1fa9622bf3dff2ccd697de64bc233c98') in 0.007237 seconds
  Import took 0.009199 seconds .

========================================================================
Received Import Request.
  Time since last request: 0.019814 seconds.
  path: Assets/Scripts/ShootingGame/PlayerFIre.cs
  artifactKey: Guid(89591e210a01e8946a97cc11a77edbb9) Importer(815301076,1909f56bfc062723c751e8b465ee728b)
Start importing Assets/Scripts/ShootingGame/PlayerFIre.cs using Guid(89591e210a01e8946a97cc11a77edbb9) Importer(815301076,1909f56bfc062723c751e8b465ee728b)  -> (artifact id: '1fa9622bf3dff2ccd697de64bc233c98') in 0.002580 seconds
  Import took 0.004527 seconds .

========================================================================
Received Prepare
Registering precompiled user dll's ...
Registered in 0.003097 seconds.
Begin MonoManager ReloadAssembly
Native extension for WindowsStandalone target not found
Refreshing native plugins compatible for Editor in 0.57 ms, found 2 plugins.
Preloading 0 native plugins for Editor in 0.00 ms.
RefreshInfo: StopAssetImportingV2(NoUpdateAssetOptions) scanfilter: 
RefreshProfiler: Total: 0.000ms
Mono: successfully reloaded assembly
- Completed reload, in  0.700 seconds
Platform modules already initialized, skipping
Refreshing native plugins compatible for Editor in 0.58 ms, found 2 plugins.
Preloading 0 native plugins for Editor in 0.00 ms.
Unloading 455 Unused Serialized files (Serialized files now loaded: 0)
System memory in use before: 120.9 MB.
System memory in use after: 121.0 MB.

Unloading 62 unused Assets to reduce memory usage. Loaded Objects now: 1671.
Total: 1.599700 ms (FindLiveObjects: 0.134800 ms CreateObjectMapping: 0.034700 ms MarkObjects: 1.375600 ms  DeleteObjects: 0.053800 ms)

========================================================================
Received Import Request.
  Time since last request: 826.550962 seconds.
  path: Assets/Scripts/ShootingGame/UIManager.cs
  artifactKey: Guid(afa413f7019961a4c91093382b45506d) Importer(815301076,1909f56bfc062723c751e8b465ee728b)
Start importing Assets/Scripts/ShootingGame/UIManager.cs using Guid(afa413f7019961a4c91093382b45506d) Importer(815301076,1909f56bfc062723c751e8b465ee728b)  -> (artifact id: '95cb6c75eeadc7014e6cddfd84dbb9f9') in 0.006097 seconds
  Import took 0.007917 seconds .

AssetImportWorkerClient::OnTransportError - code=2 error=End of file
