Using pre-set license
Built from '2020.3/staging' branch; Version is '2020.3.6f1 (338bb68529b2) revision 3378102'; Using compiler version '192528614'; Build Type 'Release'
OS: 'Windows 10 Pro; OS build 19042.928; Version 2009; 64bit' Language: 'ko' Physical Memory: 16315 MB
BatchMode: 1, IsHumanControllingUs: 0, StartBugReporterOnCrash: 0, Is64bit: 1, IsPro: 0

 COMMAND LINE ARGUMENTS:
C:\Program Files\Unity\Hub\Editor\2020.3.6f1\Editor\Unity.exe
-adb2
-batchMode
-noUpm
-name
AssetImportWorker0
-projectPath
C:/Users/DMC CONET/Desktop/이나영/Unity_NewDeal/ShootingGame_0503
-logFile
Logs/AssetImportWorker0.log
-srvPort
59043
Successfully changed project path to: C:/Users/DMC CONET/Desktop/이나영/Unity_NewDeal/ShootingGame_0503
C:/Users/DMC CONET/Desktop/이나영/Unity_NewDeal/ShootingGame_0503
Using Asset Import Pipeline V2.
Refreshing native plugins compatible for Editor in 105.73 ms, found 2 plugins.
Preloading 0 native plugins for Editor in 0.00 ms.
Initialize engine version: 2020.3.6f1 (338bb68529b2)
[Subsystems] Discovering subsystems at path C:/Program Files/Unity/Hub/Editor/2020.3.6f1/Editor/Data/Resources/UnitySubsystems
[Subsystems] Discovering subsystems at path C:/Users/DMC CONET/Desktop/이나영/Unity_NewDeal/ShootingGame_0503/Assets
GfxDevice: creating device client; threaded=0
Direct3D:
    Version:  Direct3D 11.0 [level 11.1]
    Renderer: NVIDIA GeForce GTX 1660 SUPER (ID=0x21c4)
    Vendor:   
    VRAM:     5991 MB
    Driver:   27.21.14.5751
Initialize mono
Mono path[0] = 'C:/Program Files/Unity/Hub/Editor/2020.3.6f1/Editor/Data/Managed'
Mono path[1] = 'C:/Program Files/Unity/Hub/Editor/2020.3.6f1/Editor/Data/MonoBleedingEdge/lib/mono/unityjit'
Mono config path = 'C:/Program Files/Unity/Hub/Editor/2020.3.6f1/Editor/Data/MonoBleedingEdge/etc'
Using monoOptions --debugger-agent=transport=dt_socket,embedding=1,server=y,suspend=n,address=127.0.0.1:56096
Begin MonoManager ReloadAssembly
Registering precompiled unity dll's ...
Register platform support module: C:/Program Files/Unity/Hub/Editor/2020.3.6f1/Editor/Data/PlaybackEngines/WindowsStandaloneSupport/UnityEditor.WindowsStandalone.Extensions.dll
Registered in 0.007578 seconds.
Native extension for WindowsStandalone target not found
Refreshing native plugins compatible for Editor in 31.16 ms, found 2 plugins.
Preloading 0 native plugins for Editor in 0.00 ms.
Mono: successfully reloaded assembly
- Completed reload, in  3.335 seconds
Platform modules already initialized, skipping
Registering precompiled user dll's ...
Registered in 0.014356 seconds.
Begin MonoManager ReloadAssembly
Native extension for WindowsStandalone target not found
Refreshing native plugins compatible for Editor in 0.85 ms, found 2 plugins.
Preloading 0 native plugins for Editor in 0.00 ms.
RefreshInfo: StopAssetImportingV2(NoUpdateAssetOptions) scanfilter: 
RefreshProfiler: Total: 0.000ms
Mono: successfully reloaded assembly
- Completed reload, in  1.196 seconds
Platform modules already initialized, skipping
========================================================================
Worker process is ready to serve import requests
Launched and connected shader compiler UnityShaderCompiler.exe after 0.08 seconds
Refreshing native plugins compatible for Editor in 0.58 ms, found 2 plugins.
Preloading 0 native plugins for Editor in 0.00 ms.
Unloading 2 Unused Serialized files (Serialized files now loaded: 0)
System memory in use before: 108.2 MB.
System memory in use after: 108.3 MB.

Unloading 67 unused Assets to reduce memory usage. Loaded Objects now: 1637.
Total: 1.854700 ms (FindLiveObjects: 0.297000 ms CreateObjectMapping: 0.062500 ms MarkObjects: 1.401300 ms  DeleteObjects: 0.091800 ms)

========================================================================
Received Import Request.
  path: Assets/ScoreManager.cs
  artifactKey: Guid(195aacbc21378164dbab255743ecc1c7) Importer(815301076,1909f56bfc062723c751e8b465ee728b)
Start importing Assets/ScoreManager.cs using Guid(195aacbc21378164dbab255743ecc1c7) Importer(815301076,1909f56bfc062723c751e8b465ee728b)  -> (artifact id: '9d586fc7659a4adca5fd6359093fc3ba') in 0.091623 seconds
  Import took 0.096672 seconds .

========================================================================
Received Prepare
Registering precompiled user dll's ...
Registered in 0.012657 seconds.
Begin MonoManager ReloadAssembly
Native extension for WindowsStandalone target not found
Refreshing native plugins compatible for Editor in 0.63 ms, found 2 plugins.
Preloading 0 native plugins for Editor in 0.00 ms.
RefreshInfo: StopAssetImportingV2(NoUpdateAssetOptions) scanfilter: 
RefreshProfiler: Total: 0.000ms
Mono: successfully reloaded assembly
- Completed reload, in  1.303 seconds
Platform modules already initialized, skipping
Refreshing native plugins compatible for Editor in 0.62 ms, found 2 plugins.
Preloading 0 native plugins for Editor in 0.00 ms.
Unloading 447 Unused Serialized files (Serialized files now loaded: 0)
System memory in use before: 117.0 MB.
System memory in use after: 117.1 MB.

Unloading 62 unused Assets to reduce memory usage. Loaded Objects now: 1640.
Total: 1.490800 ms (FindLiveObjects: 0.156500 ms CreateObjectMapping: 0.036000 ms MarkObjects: 1.239600 ms  DeleteObjects: 0.057400 ms)

========================================================================
Received Prepare
Registering precompiled user dll's ...
Registered in 0.009748 seconds.
Begin MonoManager ReloadAssembly
Native extension for WindowsStandalone target not found
Refreshing native plugins compatible for Editor in 0.97 ms, found 2 plugins.
Preloading 0 native plugins for Editor in 0.00 ms.
RefreshInfo: StopAssetImportingV2(NoUpdateAssetOptions) scanfilter: 
RefreshProfiler: Total: 0.000ms
Mono: successfully reloaded assembly
- Completed reload, in  1.405 seconds
Platform modules already initialized, skipping
Refreshing native plugins compatible for Editor in 0.62 ms, found 2 plugins.
Preloading 0 native plugins for Editor in 0.00 ms.
Unloading 447 Unused Serialized files (Serialized files now loaded: 0)
System memory in use before: 117.1 MB.
System memory in use after: 117.1 MB.

Unloading 62 unused Assets to reduce memory usage. Loaded Objects now: 1643.
Total: 1.631500 ms (FindLiveObjects: 0.149100 ms CreateObjectMapping: 0.046300 ms MarkObjects: 1.365500 ms  DeleteObjects: 0.069700 ms)

========================================================================
Received Import Request.
  Time since last request: 258.947195 seconds.
  path: Assets/Scripts/ShootingGame/DestoryBar.cs
  artifactKey: Guid(7477f9e0b5cd3c841a6e03a2079f0243) Importer(815301076,1909f56bfc062723c751e8b465ee728b)
Start importing Assets/Scripts/ShootingGame/DestoryBar.cs using Guid(7477f9e0b5cd3c841a6e03a2079f0243) Importer(815301076,1909f56bfc062723c751e8b465ee728b)  -> (artifact id: '6b57a93293b99653c758941ffc461b83') in 0.010137 seconds
  Import took 0.012324 seconds .

========================================================================
Received Import Request.
  Time since last request: 88.129644 seconds.
  path: Assets/Scripts/ShootingGame/EnemyMove.cs
  artifactKey: Guid(f45ca095e97d9684dad2b7069e8b2b9b) Importer(815301076,1909f56bfc062723c751e8b465ee728b)
Start importing Assets/Scripts/ShootingGame/EnemyMove.cs using Guid(f45ca095e97d9684dad2b7069e8b2b9b) Importer(815301076,1909f56bfc062723c751e8b465ee728b)  -> (artifact id: 'f3d274e6e2e436efea7a0b6f2695d5cc') in 0.028001 seconds
  Import took 0.032816 seconds .

========================================================================
Received Import Request.
  Time since last request: 0.028377 seconds.
  path: Assets/Scripts/ShootingGame/EnemyMove.cs
  artifactKey: Guid(f45ca095e97d9684dad2b7069e8b2b9b) Importer(815301076,1909f56bfc062723c751e8b465ee728b)
Start importing Assets/Scripts/ShootingGame/EnemyMove.cs using Guid(f45ca095e97d9684dad2b7069e8b2b9b) Importer(815301076,1909f56bfc062723c751e8b465ee728b)  -> (artifact id: 'f3d274e6e2e436efea7a0b6f2695d5cc') in 0.030781 seconds
  Import took 0.034814 seconds .

========================================================================
Received Import Request.
  Time since last request: 432.040020 seconds.
  path: Assets/Scripts/ShootingGame/EnemyMove.cs
  artifactKey: Guid(f45ca095e97d9684dad2b7069e8b2b9b) Importer(815301076,1909f56bfc062723c751e8b465ee728b)
Start importing Assets/Scripts/ShootingGame/EnemyMove.cs using Guid(f45ca095e97d9684dad2b7069e8b2b9b) Importer(815301076,1909f56bfc062723c751e8b465ee728b)  -> (artifact id: '67874805f2360acec3b976f7f3a23c6f') in 0.005822 seconds
  Import took 0.008661 seconds .

========================================================================
Received Prepare
Registering precompiled user dll's ...
Registered in 0.011318 seconds.
Begin MonoManager ReloadAssembly
Native extension for WindowsStandalone target not found
Refreshing native plugins compatible for Editor in 0.59 ms, found 2 plugins.
Preloading 0 native plugins for Editor in 0.00 ms.
RefreshInfo: StopAssetImportingV2(NoUpdateAssetOptions) scanfilter: 
RefreshProfiler: Total: 0.000ms
Mono: successfully reloaded assembly
- Completed reload, in  0.912 seconds
Platform modules already initialized, skipping
Refreshing native plugins compatible for Editor in 0.60 ms, found 2 plugins.
Preloading 0 native plugins for Editor in 0.00 ms.
Unloading 447 Unused Serialized files (Serialized files now loaded: 0)
System memory in use before: 117.1 MB.
System memory in use after: 117.2 MB.

Unloading 63 unused Assets to reduce memory usage. Loaded Objects now: 1646.
Total: 1.756000 ms (FindLiveObjects: 0.200000 ms CreateObjectMapping: 0.041600 ms MarkObjects: 1.447800 ms  DeleteObjects: 0.065100 ms)

========================================================================
Received Prepare
Registering precompiled user dll's ...
Registered in 0.009992 seconds.
Begin MonoManager ReloadAssembly
Native extension for WindowsStandalone target not found
Refreshing native plugins compatible for Editor in 0.59 ms, found 2 plugins.
Preloading 0 native plugins for Editor in 0.00 ms.
RefreshInfo: StopAssetImportingV2(NoUpdateAssetOptions) scanfilter: 
RefreshProfiler: Total: 0.000ms
Mono: successfully reloaded assembly
- Completed reload, in  1.080 seconds
Platform modules already initialized, skipping
Refreshing native plugins compatible for Editor in 0.63 ms, found 2 plugins.
Preloading 0 native plugins for Editor in 0.00 ms.
Unloading 447 Unused Serialized files (Serialized files now loaded: 0)
System memory in use before: 117.1 MB.
System memory in use after: 117.2 MB.

Unloading 62 unused Assets to reduce memory usage. Loaded Objects now: 1649.
Total: 1.505500 ms (FindLiveObjects: 0.181300 ms CreateObjectMapping: 0.031500 ms MarkObjects: 1.204400 ms  DeleteObjects: 0.087300 ms)

========================================================================
Received Import Request.
  Time since last request: 92.657413 seconds.
  path: Assets/Scripts/ShootingGame/ScoreManager.cs
  artifactKey: Guid(195aacbc21378164dbab255743ecc1c7) Importer(815301076,1909f56bfc062723c751e8b465ee728b)
Start importing Assets/Scripts/ShootingGame/ScoreManager.cs using Guid(195aacbc21378164dbab255743ecc1c7) Importer(815301076,1909f56bfc062723c751e8b465ee728b)  -> (artifact id: '5d4dbd02563287f42c16ed1bbd354032') in 0.011404 seconds
  Import took 0.013743 seconds .

========================================================================
Received Import Request.
  Time since last request: 104.673052 seconds.
  path: Assets/ScoreManager.cs
  artifactKey: Guid(e33891ee80afeab4b9770a896eabbe9f) Importer(815301076,1909f56bfc062723c751e8b465ee728b)
Start importing Assets/ScoreManager.cs using Guid(e33891ee80afeab4b9770a896eabbe9f) Importer(815301076,1909f56bfc062723c751e8b465ee728b)  -> (artifact id: '957177bb0b528585ccf684e20b63fce7') in 0.010466 seconds
  Import took 0.012726 seconds .

========================================================================
Received Prepare
Registering precompiled user dll's ...
Registered in 0.013864 seconds.
Begin MonoManager ReloadAssembly
Native extension for WindowsStandalone target not found
Refreshing native plugins compatible for Editor in 0.59 ms, found 2 plugins.
Preloading 0 native plugins for Editor in 0.00 ms.
RefreshInfo: StopAssetImportingV2(NoUpdateAssetOptions) scanfilter: 
RefreshProfiler: Total: 0.000ms
Mono: successfully reloaded assembly
- Completed reload, in  1.040 seconds
Platform modules already initialized, skipping
Refreshing native plugins compatible for Editor in 0.57 ms, found 2 plugins.
Preloading 0 native plugins for Editor in 0.00 ms.
Unloading 447 Unused Serialized files (Serialized files now loaded: 0)
System memory in use before: 117.1 MB.
System memory in use after: 117.2 MB.

Unloading 63 unused Assets to reduce memory usage. Loaded Objects now: 1652.
Total: 1.628500 ms (FindLiveObjects: 0.236500 ms CreateObjectMapping: 0.064200 ms MarkObjects: 1.269200 ms  DeleteObjects: 0.057200 ms)

========================================================================
Received Prepare
Registering precompiled user dll's ...
Registered in 0.010271 seconds.
Begin MonoManager ReloadAssembly
Native extension for WindowsStandalone target not found
Refreshing native plugins compatible for Editor in 0.58 ms, found 2 plugins.
Preloading 0 native plugins for Editor in 0.00 ms.
RefreshInfo: StopAssetImportingV2(NoUpdateAssetOptions) scanfilter: 
RefreshProfiler: Total: 0.000ms
Mono: successfully reloaded assembly
- Completed reload, in  1.037 seconds
Platform modules already initialized, skipping
Refreshing native plugins compatible for Editor in 0.58 ms, found 2 plugins.
Preloading 0 native plugins for Editor in 0.00 ms.
Unloading 447 Unused Serialized files (Serialized files now loaded: 0)
System memory in use before: 117.1 MB.
System memory in use after: 117.2 MB.

Unloading 62 unused Assets to reduce memory usage. Loaded Objects now: 1655.
Total: 1.481500 ms (FindLiveObjects: 0.143200 ms CreateObjectMapping: 0.036600 ms MarkObjects: 1.240700 ms  DeleteObjects: 0.059600 ms)

========================================================================
Received Prepare
Registering precompiled user dll's ...
Registered in 0.013651 seconds.
Begin MonoManager ReloadAssembly
Native extension for WindowsStandalone target not found
Refreshing native plugins compatible for Editor in 0.60 ms, found 2 plugins.
Preloading 0 native plugins for Editor in 0.00 ms.
RefreshInfo: StopAssetImportingV2(NoUpdateAssetOptions) scanfilter: 
RefreshProfiler: Total: 0.000ms
Mono: successfully reloaded assembly
- Completed reload, in  1.070 seconds
Platform modules already initialized, skipping
Refreshing native plugins compatible for Editor in 0.57 ms, found 2 plugins.
Preloading 0 native plugins for Editor in 0.00 ms.
Unloading 447 Unused Serialized files (Serialized files now loaded: 0)
System memory in use before: 117.1 MB.
System memory in use after: 117.2 MB.

Unloading 62 unused Assets to reduce memory usage. Loaded Objects now: 1658.
Total: 1.594600 ms (FindLiveObjects: 0.161800 ms CreateObjectMapping: 0.040900 ms MarkObjects: 1.331300 ms  DeleteObjects: 0.059500 ms)

========================================================================
Received Prepare
Registering precompiled user dll's ...
Registered in 0.013659 seconds.
Begin MonoManager ReloadAssembly
Native extension for WindowsStandalone target not found
Refreshing native plugins compatible for Editor in 0.58 ms, found 2 plugins.
Preloading 0 native plugins for Editor in 0.00 ms.
RefreshInfo: StopAssetImportingV2(NoUpdateAssetOptions) scanfilter: 
RefreshProfiler: Total: 0.000ms
Mono: successfully reloaded assembly
- Completed reload, in  0.819 seconds
Platform modules already initialized, skipping
Refreshing native plugins compatible for Editor in 0.63 ms, found 2 plugins.
Preloading 0 native plugins for Editor in 0.00 ms.
Unloading 447 Unused Serialized files (Serialized files now loaded: 0)
System memory in use before: 117.1 MB.
System memory in use after: 117.2 MB.

Unloading 62 unused Assets to reduce memory usage. Loaded Objects now: 1661.
Total: 1.550200 ms (FindLiveObjects: 0.148500 ms CreateObjectMapping: 0.036000 ms MarkObjects: 1.309400 ms  DeleteObjects: 0.055700 ms)

========================================================================
Received Prepare
Registering precompiled user dll's ...
Registered in 0.095326 seconds.
Begin MonoManager ReloadAssembly
Native extension for WindowsStandalone target not found
Refreshing native plugins compatible for Editor in 0.59 ms, found 2 plugins.
Preloading 0 native plugins for Editor in 0.00 ms.
RefreshInfo: StopAssetImportingV2(NoUpdateAssetOptions) scanfilter: 
RefreshProfiler: Total: 0.000ms
Mono: successfully reloaded assembly
- Completed reload, in  0.896 seconds
Platform modules already initialized, skipping
Refreshing native plugins compatible for Editor in 0.65 ms, found 2 plugins.
Preloading 0 native plugins for Editor in 0.00 ms.
Unloading 447 Unused Serialized files (Serialized files now loaded: 0)
System memory in use before: 117.1 MB.
System memory in use after: 117.2 MB.

Unloading 62 unused Assets to reduce memory usage. Loaded Objects now: 1664.
Total: 1.661800 ms (FindLiveObjects: 0.177800 ms CreateObjectMapping: 0.048900 ms MarkObjects: 1.365600 ms  DeleteObjects: 0.066900 ms)

========================================================================
Received Prepare
Registering precompiled user dll's ...
Registered in 0.004629 seconds.
Begin MonoManager ReloadAssembly
Native extension for WindowsStandalone target not found
Refreshing native plugins compatible for Editor in 0.59 ms, found 2 plugins.
Preloading 0 native plugins for Editor in 0.00 ms.
RefreshInfo: StopAssetImportingV2(NoUpdateAssetOptions) scanfilter: 
RefreshProfiler: Total: 0.000ms
Mono: successfully reloaded assembly
- Completed reload, in  0.769 seconds
Platform modules already initialized, skipping
Refreshing native plugins compatible for Editor in 0.58 ms, found 2 plugins.
Preloading 0 native plugins for Editor in 0.00 ms.
Unloading 447 Unused Serialized files (Serialized files now loaded: 0)
System memory in use before: 117.1 MB.
System memory in use after: 117.2 MB.

Unloading 62 unused Assets to reduce memory usage. Loaded Objects now: 1667.
Total: 1.757800 ms (FindLiveObjects: 0.143900 ms CreateObjectMapping: 0.034000 ms MarkObjects: 1.507200 ms  DeleteObjects: 0.070700 ms)

AssetImportWorkerClient::OnTransportError - code=2 error=End of file
