Using pre-set license

 COMMAND LINE ARGUMENTS:
/Applications/Unity/Hub/Editor/2020.3.6f1/Unity.app/Contents/MacOS/Unity
-adb2
-batchMode
-noUpm
-name
AssetImportWorker0
-projectPath
/Users/nayounglee/Documents/GitHub/Unity_NewDeal/Unity/BreakingError2
-logFile
Logs/AssetImportWorker0.log
-srvPort
50542
Successfully changed project path to: /Users/nayounglee/Documents/GitHub/Unity_NewDeal/Unity/BreakingError2
/Users/nayounglee/Documents/GitHub/Unity_NewDeal/Unity/BreakingError2
Using Asset Import Pipeline V2.
Refreshing native plugins compatible for Editor in 41.30 ms, found 1 plugins.
Preloading 0 native plugins for Editor in 0.00 ms.
Initialize engine version: 2020.3.6f1 (338bb68529b2)
[Subsystems] Discovering subsystems at path /Applications/Unity/Hub/Editor/2020.3.6f1/Unity.app/Contents/Resources/UnitySubsystems
[Subsystems] Discovering subsystems at path /Users/nayounglee/Documents/GitHub/Unity_NewDeal/Unity/BreakingError2/Assets
GfxDevice: creating device client; threaded=0
2021-05-06 00:20:47.405 Unity[85293:12747890] Color LCD preferred device: Intel(R) Iris(TM) Plus Graphics 650 (low power)
2021-05-06 00:20:47.405 Unity[85293:12747890] Metal devices available: 1
2021-05-06 00:20:47.405 Unity[85293:12747890] 0: Intel(R) Iris(TM) Plus Graphics 650 (low power)
2021-05-06 00:20:47.405 Unity[85293:12747890] Using device Intel(R) Iris(TM) Plus Graphics 650 (low power)
Initializing Metal device caps: Intel(R) Iris(TM) Plus Graphics 650
Initialize mono
Mono path[0] = '/Applications/Unity/Hub/Editor/2020.3.6f1/Unity.app/Contents/Managed'
Mono path[1] = '/Applications/Unity/Hub/Editor/2020.3.6f1/Unity.app/Contents/MonoBleedingEdge/lib/mono/unityjit'
Mono config path = '/Applications/Unity/Hub/Editor/2020.3.6f1/Unity.app/Contents/MonoBleedingEdge/etc'
Using monoOptions --debugger-agent=transport=dt_socket,embedding=1,server=y,suspend=n,address=127.0.0.1:56293
Begin MonoManager ReloadAssembly
Registering precompiled unity dll's ...
Register platform support module: /Applications/Unity/Hub/Editor/2020.3.6f1/Unity.app/Contents/PlaybackEngines/MacStandaloneSupport/UnityEditor.OSXStandalone.Extensions.dll
Registered in 0.000812 seconds.
Native extension for OSXStandalone target not found
Refreshing native plugins compatible for Editor in 34.56 ms, found 1 plugins.
Preloading 0 native plugins for Editor in 0.00 ms.
Mono: successfully reloaded assembly
- Completed reload, in  4.404 seconds
Platform modules already initialized, skipping
Registering precompiled user dll's ...
Registered in 0.000396 seconds.
Begin MonoManager ReloadAssembly
Native extension for OSXStandalone target not found
Refreshing native plugins compatible for Editor in 0.25 ms, found 1 plugins.
Preloading 0 native plugins for Editor in 0.00 ms.
Mono: successfully reloaded assembly
- Completed reload, in  1.335 seconds
Platform modules already initialized, skipping
========================================================================
Worker process is ready to serve import requests
Launching external process: /Applications/Unity/Hub/Editor/2020.3.6f1/Unity.app/Contents/Tools/UnityShaderCompiler
Launched and connected shader compiler UnityShaderCompiler after 0.02 seconds
Refreshing native plugins compatible for Editor in 0.25 ms, found 1 plugins.
Preloading 0 native plugins for Editor in 0.00 ms.
Unloading 1166 Unused Serialized files (Serialized files now loaded: 0)
System memory in use before: 118.4 MB.
System memory in use after: 118.4 MB.

Unloading 10 unused Assets to reduce memory usage. Loaded Objects now: 1609.
Total: 2.808403 ms (FindLiveObjects: 0.244140 ms CreateObjectMapping: 0.053786 ms MarkObjects: 2.400760 ms  DeleteObjects: 0.108182 ms)

========================================================================
Received Import Request.
  path: Assets/Scripts/SceneLoader.cs
  artifactKey: Guid(b451aa8c4df1342df8be5171acfa50e5) Importer(815301076,1909f56bfc062723c751e8b465ee728b)
Start importing Assets/Scripts/SceneLoader.cs using Guid(b451aa8c4df1342df8be5171acfa50e5) Importer(815301076,1909f56bfc062723c751e8b465ee728b)  -> (artifact id: '24335891a759552c43048eaf4700e92e') in 4.019657 seconds
  Import took 4.021923 seconds .

========================================================================
Received Prepare
Registering precompiled user dll's ...
Registered in 0.000669 seconds.
Begin MonoManager ReloadAssembly
Native extension for OSXStandalone target not found
Refreshing native plugins compatible for Editor in 0.39 ms, found 1 plugins.
Preloading 0 native plugins for Editor in 0.00 ms.
Mono: successfully reloaded assembly
- Completed reload, in  2.748 seconds
Platform modules already initialized, skipping
Refreshing native plugins compatible for Editor in 0.34 ms, found 1 plugins.
Preloading 0 native plugins for Editor in 0.00 ms.
Unloading 1148 Unused Serialized files (Serialized files now loaded: 0)
System memory in use before: 121.5 MB.
System memory in use after: 121.6 MB.

Unloading 5 unused Assets to reduce memory usage. Loaded Objects now: 1612.
Total: 1.946177 ms (FindLiveObjects: 0.271892 ms CreateObjectMapping: 0.040689 ms MarkObjects: 1.570515 ms  DeleteObjects: 0.061616 ms)

========================================================================
Received Import Request.
  Time since last request: 91.406834 seconds.
  path: Assets/Scripts/SceneLoader.cs
  artifactKey: Guid(b451aa8c4df1342df8be5171acfa50e5) Importer(815301076,1909f56bfc062723c751e8b465ee728b)
Start importing Assets/Scripts/SceneLoader.cs using Guid(b451aa8c4df1342df8be5171acfa50e5) Importer(815301076,1909f56bfc062723c751e8b465ee728b)  -> (artifact id: '6a2e776130565b3d7e32fc9e30a2f4a2') in 0.006808 seconds
  Import took 0.009180 seconds .

========================================================================
Received Prepare
Registering precompiled user dll's ...
Registered in 0.000617 seconds.
Begin MonoManager ReloadAssembly
Native extension for OSXStandalone target not found
Refreshing native plugins compatible for Editor in 0.40 ms, found 1 plugins.
Preloading 0 native plugins for Editor in 0.00 ms.
Mono: successfully reloaded assembly
- Completed reload, in  1.275 seconds
Platform modules already initialized, skipping
Refreshing native plugins compatible for Editor in 0.37 ms, found 1 plugins.
Preloading 0 native plugins for Editor in 0.00 ms.
Unloading 1148 Unused Serialized files (Serialized files now loaded: 0)
System memory in use before: 121.7 MB.
System memory in use after: 121.8 MB.

Unloading 5 unused Assets to reduce memory usage. Loaded Objects now: 1615.
Total: 2.540814 ms (FindLiveObjects: 0.236489 ms CreateObjectMapping: 0.066937 ms MarkObjects: 2.166280 ms  DeleteObjects: 0.069514 ms)

========================================================================
Received Import Request.
  Time since last request: 648.580779 seconds.
  path: Assets/Monitor
  artifactKey: Guid(214ca3eed395048b4bf296dec658395b) Importer(815301076,1909f56bfc062723c751e8b465ee728b)
Start importing Assets/Monitor using Guid(214ca3eed395048b4bf296dec658395b) Importer(815301076,1909f56bfc062723c751e8b465ee728b)  -> (artifact id: 'e0731b1e5f7b2ef13fdf26a9b98687da') in 0.006589 seconds
  Import took 0.010155 seconds .

========================================================================
Received Import Request.
  Time since last request: 3.642735 seconds.
  path: Assets/Monitor/monitor.blend
  artifactKey: Guid(374566b77c9b04562962d64945a48251) Importer(815301076,1909f56bfc062723c751e8b465ee728b)
Start importing Assets/Monitor/monitor.blend using Guid(374566b77c9b04562962d64945a48251) Importer(815301076,1909f56bfc062723c751e8b465ee728b)  -> (artifact id: '3a47157a1e8bceef6e9a3e26fd243f9b') in 1.772764 seconds
  Import took 1.776657 seconds .

========================================================================
Received Import Request.
  Time since last request: 0.672972 seconds.
  path: Assets/Monitor/monitor.obj
  artifactKey: Guid(87beb0d6a44f84160bb771fa37c731ae) Importer(815301076,1909f56bfc062723c751e8b465ee728b)
Start importing Assets/Monitor/monitor.obj using Guid(87beb0d6a44f84160bb771fa37c731ae) Importer(815301076,1909f56bfc062723c751e8b465ee728b)  -> (artifact id: '070616b3d9f982d56ca84fac64822782') in 2.288433 seconds
  Import took 2.291292 seconds .

========================================================================
Received Import Request.
  Time since last request: 1.259283 seconds.
  path: Assets/Monitor/monitor.fbx
  artifactKey: Guid(c064335ae2d02486f880267436e21156) Importer(815301076,1909f56bfc062723c751e8b465ee728b)
Start importing Assets/Monitor/monitor.fbx using Guid(c064335ae2d02486f880267436e21156) Importer(815301076,1909f56bfc062723c751e8b465ee728b)  -> (artifact id: 'b950d2b9a9d4aa88aa6028a99f0984c9') in 0.695704 seconds
  Import took 0.706632 seconds .

========================================================================
Received Import Request.
  Time since last request: 0.243873 seconds.
  path: Assets/Monitor/monitor.dae
  artifactKey: Guid(d9797ecb0ae294eb38240df5ea0d1fff) Importer(815301076,1909f56bfc062723c751e8b465ee728b)
Start importing Assets/Monitor/monitor.dae using Guid(d9797ecb0ae294eb38240df5ea0d1fff) Importer(815301076,1909f56bfc062723c751e8b465ee728b)  -> (artifact id: '6bff7b9104204482ceda32abdea43a11') in 0.573932 seconds
  Import took 0.581652 seconds .

========================================================================
Received Import Request.
  Time since last request: 5.998985 seconds.
  path: Assets/Monitor/monitor.stl
  artifactKey: Guid(7a6dc1a7de466431393bb2b4252eba69) Importer(815301076,1909f56bfc062723c751e8b465ee728b)
Start importing Assets/Monitor/monitor.stl using Guid(7a6dc1a7de466431393bb2b4252eba69) Importer(815301076,1909f56bfc062723c751e8b465ee728b)  -> (artifact id: '03952ac5534a4a2fb60b8ab4de0cef74') in 1.324473 seconds
  Import took 1.327760 seconds .

========================================================================
Received Import Request.
  Time since last request: 5.752115 seconds.
  path: Assets/Monitor/monitor.mtl
  artifactKey: Guid(80861e25dd0ed4830bd30b3c2a20feba) Importer(815301076,1909f56bfc062723c751e8b465ee728b)
Start importing Assets/Monitor/monitor.mtl using Guid(80861e25dd0ed4830bd30b3c2a20feba) Importer(815301076,1909f56bfc062723c751e8b465ee728b)  -> (artifact id: 'dfcecc2f798b0d939de5cbc6408a85f5') in 0.379531 seconds
  Import took 0.414639 seconds .

========================================================================
Received Import Request.
  Time since last request: 16.439351 seconds.
  path: Assets/Monitor/monitor.abc
  artifactKey: Guid(1d5e26fe7dccb4495a7385585208b454) Importer(815301076,1909f56bfc062723c751e8b465ee728b)
Start importing Assets/Monitor/monitor.abc using Guid(1d5e26fe7dccb4495a7385585208b454) Importer(815301076,1909f56bfc062723c751e8b465ee728b)  -> (artifact id: '99b0204a91fdea4d8a1f0fc61ad780c9') in 1.328623 seconds
  Import took 1.331780 seconds .

========================================================================
Received Import Request.
  Time since last request: 602.887112 seconds.
  path: Assets/Monitor/1.png
  artifactKey: Guid(76ea7b2e35b484aac97c6a089bdeb57b) Importer(815301076,1909f56bfc062723c751e8b465ee728b)
Start importing Assets/Monitor/1.png using Guid(76ea7b2e35b484aac97c6a089bdeb57b) Importer(815301076,1909f56bfc062723c751e8b465ee728b)  -> (artifact id: 'e6a8b1116349f0a8674938ac52519f6e') in 1.350012 seconds
  Import took 1.353046 seconds .

========================================================================
Received Prepare
Registering precompiled user dll's ...
Registered in 0.001054 seconds.
Begin MonoManager ReloadAssembly
Native extension for OSXStandalone target not found
Refreshing native plugins compatible for Editor in 0.29 ms, found 1 plugins.
Preloading 0 native plugins for Editor in 0.00 ms.
Mono: successfully reloaded assembly
- Completed reload, in  1.235 seconds
Platform modules already initialized, skipping
Refreshing native plugins compatible for Editor in 0.25 ms, found 1 plugins.
Preloading 0 native plugins for Editor in 0.00 ms.
Unloading 1148 Unused Serialized files (Serialized files now loaded: 0)
System memory in use before: 161.8 MB.
System memory in use after: 161.9 MB.

Unloading 6 unused Assets to reduce memory usage. Loaded Objects now: 1663.
Total: 2.191413 ms (FindLiveObjects: 0.273786 ms CreateObjectMapping: 0.059824 ms MarkObjects: 1.755921 ms  DeleteObjects: 0.077284 ms)

========================================================================
Received Import Request.
  Time since last request: 625.246429 seconds.
  path: Assets/Monitor/Materials
  artifactKey: Guid(0162719477e8b42daacb25d7d2f975a8) Importer(815301076,1909f56bfc062723c751e8b465ee728b)
Start importing Assets/Monitor/Materials using Guid(0162719477e8b42daacb25d7d2f975a8) Importer(815301076,1909f56bfc062723c751e8b465ee728b)  -> (artifact id: '9748040c83052d06dc1c468ff07eccef') in 0.011587 seconds
  Import took 0.017832 seconds .

========================================================================
Received Import Request.
  Time since last request: 489.957307 seconds.
  path: Assets/Laptop/laptop.prefab
  artifactKey: Guid(d95dfe9eeea7731489064565a2d8b306) Importer(815301076,1909f56bfc062723c751e8b465ee728b)
Start importing Assets/Laptop/laptop.prefab using Guid(d95dfe9eeea7731489064565a2d8b306) Importer(815301076,1909f56bfc062723c751e8b465ee728b)  -> (artifact id: 'a323b5964087dc56241bf9d4936d459f') in 2.492926 seconds
  Import took 2.510711 seconds .

========================================================================
Received Import Request.
  Time since last request: 0.171669 seconds.
  path: Assets/Laptop/laptop.FBX
  artifactKey: Guid(164019ee72ba6df4b934f413f2374e40) Importer(815301076,1909f56bfc062723c751e8b465ee728b)
Start importing Assets/Laptop/laptop.FBX using Guid(164019ee72ba6df4b934f413f2374e40) Importer(815301076,1909f56bfc062723c751e8b465ee728b)  -> (artifact id: '32ee605cbd2a1a960f5f7f1d4be01a53') in 0.537106 seconds
  Import took 0.540620 seconds .

